<?xml version="1.0" encoding="UTF-8"?>
<!-- Generated by org.testng.reporters.JUnitXMLReporter -->
<testsuite hostname="DESKTOP-TD5SET8" ignored="0" name="Command line test" tests="1" failures="1" timestamp="2023-10-08T17:19:04 CEST" time="0.343" errors="0">
  <testcase name="testSearchForFurryRabbits" time="0.293" classname="tests.SearchAPITest">
    <failure type="java.lang.NoClassDefFoundError" message="org/apache/commons/lang3/Validate">
      <![CDATA[java.lang.NoClassDefFoundError: org/apache/commons/lang3/Validate
at io.restassured.config.LogConfig.<init>(LogConfig.java:85)
at io.restassured.config.LogConfig.<init>(LogConfig.java:44)
at io.restassured.config.RestAssuredConfig.<init>(RestAssuredConfig.java:41)
at io.restassured.RestAssured.<clinit>(RestAssured.java:420)
at api.APIClient.searchForPages(APIClient.java:14)
at tests.SearchAPITest.testSearchForFurryRabbits(SearchAPITest.java:23)
at java.util.ArrayList.forEach(ArrayList.java:1259)
Caused by: java.lang.ClassNotFoundException: org.apache.commons.lang3.Validate
at java.net.URLClassLoader.findClass(URLClassLoader.java:382)
at java.lang.ClassLoader.loadClass(ClassLoader.java:418)
at sun.misc.Launcher$AppClassLoader.loadClass(Launcher.java:355)
at java.lang.ClassLoader.loadClass(ClassLoader.java:351)
... 43 more
... Removed 36 stack frames]]>
    </failure>
  </testcase> <!-- testSearchForFurryRabbits -->
</testsuite> <!-- Command line test -->
